{"/Users/taylorhoffman/UNSW/Tango-3011/stock-api/portfolio.js": {"path":"/Users/taylorhoffman/UNSW/Tango-3011/stock-api/portfolio.js","statementMap":{"0":{"start":{"line":7,"column":23},"end":{"line":7,"column":30}},"1":{"start":{"line":8,"column":24},"end":{"line":8,"column":32}},"2":{"start":{"line":10,"column":31},"end":{"line":93,"column":1}},"3":{"start":{"line":12,"column":28},"end":{"line":15,"column":5}},"4":{"start":{"line":17,"column":23},"end":{"line":24,"column":5}},"5":{"start":{"line":18,"column":8},"end":{"line":23,"column":9}},"6":{"start":{"line":19,"column":29},"end":{"line":19,"column":86}},"7":{"start":{"line":20,"column":12},"end":{"line":20,"column":48}},"8":{"start":{"line":22,"column":12},"end":{"line":22,"column":25}},"9":{"start":{"line":25,"column":4},"end":{"line":27,"column":5}},"10":{"start":{"line":26,"column":8},"end":{"line":26,"column":55}},"11":{"start":{"line":29,"column":29},"end":{"line":29,"column":31}},"12":{"start":{"line":30,"column":25},"end":{"line":30,"column":27}},"13":{"start":{"line":32,"column":4},"end":{"line":91,"column":5}},"14":{"start":{"line":34,"column":8},"end":{"line":37,"column":9}},"15":{"start":{"line":35,"column":12},"end":{"line":35,"column":87}},"16":{"start":{"line":36,"column":12},"end":{"line":36,"column":21}},"17":{"start":{"line":39,"column":25},"end":{"line":42,"column":9}},"18":{"start":{"line":43,"column":31},"end":{"line":46,"column":9}},"19":{"start":{"line":47,"column":8},"end":{"line":89,"column":9}},"20":{"start":{"line":48,"column":32},"end":{"line":48,"column":84}},"21":{"start":{"line":49,"column":12},"end":{"line":86,"column":13}},"22":{"start":{"line":50,"column":35},"end":{"line":50,"column":70}},"23":{"start":{"line":51,"column":16},"end":{"line":54,"column":17}},"24":{"start":{"line":52,"column":20},"end":{"line":52,"column":90}},"25":{"start":{"line":53,"column":20},"end":{"line":53,"column":29}},"26":{"start":{"line":56,"column":42},"end":{"line":63,"column":17}},"27":{"start":{"line":64,"column":16},"end":{"line":64,"column":75}},"28":{"start":{"line":65,"column":16},"end":{"line":65,"column":52}},"29":{"start":{"line":68,"column":35},"end":{"line":68,"column":70}},"30":{"start":{"line":69,"column":16},"end":{"line":72,"column":17}},"31":{"start":{"line":70,"column":20},"end":{"line":70,"column":90}},"32":{"start":{"line":71,"column":20},"end":{"line":71,"column":29}},"33":{"start":{"line":74,"column":42},"end":{"line":83,"column":17}},"34":{"start":{"line":84,"column":16},"end":{"line":84,"column":72}},"35":{"start":{"line":85,"column":16},"end":{"line":85,"column":52}},"36":{"start":{"line":88,"column":12},"end":{"line":88,"column":79}},"37":{"start":{"line":92,"column":4},"end":{"line":92,"column":62}},"38":{"start":{"line":96,"column":4},"end":{"line":96,"column":37}},"39":{"start":{"line":100,"column":4},"end":{"line":119,"column":5}},"40":{"start":{"line":102,"column":8},"end":{"line":105,"column":10}},"41":{"start":{"line":106,"column":11},"end":{"line":119,"column":5}},"42":{"start":{"line":108,"column":8},"end":{"line":111,"column":10}},"43":{"start":{"line":114,"column":8},"end":{"line":118,"column":10}},"44":{"start":{"line":117,"column":52},"end":{"line":117,"column":98}},"45":{"start":{"line":121,"column":31},"end":{"line":155,"column":1}},"46":{"start":{"line":122,"column":31},"end":{"line":128,"column":5}},"47":{"start":{"line":129,"column":4},"end":{"line":154,"column":5}},"48":{"start":{"line":130,"column":26},"end":{"line":130,"column":84}},"49":{"start":{"line":132,"column":8},"end":{"line":134,"column":9}},"50":{"start":{"line":133,"column":12},"end":{"line":133,"column":77}},"51":{"start":{"line":135,"column":31},"end":{"line":142,"column":11}},"52":{"start":{"line":135,"column":60},"end":{"line":142,"column":9}},"53":{"start":{"line":144,"column":28},"end":{"line":148,"column":9}},"54":{"start":{"line":149,"column":8},"end":{"line":149,"column":65}},"55":{"start":{"line":151,"column":8},"end":{"line":151,"column":79}},"56":{"start":{"line":153,"column":8},"end":{"line":153,"column":71}},"57":{"start":{"line":158,"column":4},"end":{"line":199,"column":5}},"58":{"start":{"line":159,"column":32},"end":{"line":165,"column":9}},"59":{"start":{"line":167,"column":8},"end":{"line":195,"column":9}},"60":{"start":{"line":168,"column":37},"end":{"line":168,"column":92}},"61":{"start":{"line":170,"column":12},"end":{"line":172,"column":13}},"62":{"start":{"line":171,"column":16},"end":{"line":171,"column":81}},"63":{"start":{"line":174,"column":45},"end":{"line":174,"column":47}},"64":{"start":{"line":175,"column":31},"end":{"line":175,"column":32}},"65":{"start":{"line":176,"column":12},"end":{"line":181,"column":13}},"66":{"start":{"line":177,"column":38},"end":{"line":177,"column":71}},"67":{"start":{"line":178,"column":16},"end":{"line":178,"column":65}},"68":{"start":{"line":179,"column":16},"end":{"line":179,"column":60}},"69":{"start":{"line":183,"column":36},"end":{"line":183,"column":38}},"70":{"start":{"line":185,"column":12},"end":{"line":189,"column":13}},"71":{"start":{"line":186,"column":16},"end":{"line":188,"column":63}},"72":{"start":{"line":191,"column":12},"end":{"line":191,"column":40}},"73":{"start":{"line":194,"column":12},"end":{"line":194,"column":78}},"74":{"start":{"line":198,"column":8},"end":{"line":198,"column":47}},"75":{"start":{"line":203,"column":4},"end":{"line":220,"column":5}},"76":{"start":{"line":204,"column":23},"end":{"line":204,"column":52}},"77":{"start":{"line":205,"column":26},"end":{"line":205,"column":27}},"78":{"start":{"line":206,"column":8},"end":{"line":208,"column":9}},"79":{"start":{"line":207,"column":12},"end":{"line":207,"column":64}},"80":{"start":{"line":210,"column":21},"end":{"line":210,"column":23}},"81":{"start":{"line":211,"column":8},"end":{"line":215,"column":9}},"82":{"start":{"line":212,"column":12},"end":{"line":214,"column":41}},"83":{"start":{"line":217,"column":8},"end":{"line":217,"column":63}},"84":{"start":{"line":219,"column":8},"end":{"line":219,"column":43}},"85":{"start":{"line":224,"column":4},"end":{"line":226,"column":5}},"86":{"start":{"line":225,"column":8},"end":{"line":225,"column":47}},"87":{"start":{"line":228,"column":4},"end":{"line":230,"column":5}},"88":{"start":{"line":229,"column":8},"end":{"line":229,"column":47}},"89":{"start":{"line":232,"column":24},"end":{"line":235,"column":5}},"90":{"start":{"line":237,"column":4},"end":{"line":254,"column":5}},"91":{"start":{"line":238,"column":22},"end":{"line":238,"column":71}},"92":{"start":{"line":240,"column":8},"end":{"line":242,"column":9}},"93":{"start":{"line":241,"column":12},"end":{"line":241,"column":89}},"94":{"start":{"line":244,"column":34},"end":{"line":247,"column":9}},"95":{"start":{"line":249,"column":8},"end":{"line":249,"column":67}},"96":{"start":{"line":251,"column":8},"end":{"line":251,"column":73}},"97":{"start":{"line":253,"column":8},"end":{"line":253,"column":74}},"98":{"start":{"line":258,"column":4},"end":{"line":277,"column":5}},"99":{"start":{"line":259,"column":32},"end":{"line":265,"column":9}},"100":{"start":{"line":267,"column":27},"end":{"line":267,"column":82}},"101":{"start":{"line":269,"column":8},"end":{"line":271,"column":9}},"102":{"start":{"line":270,"column":12},"end":{"line":270,"column":77}},"103":{"start":{"line":273,"column":8},"end":{"line":273,"column":69}},"104":{"start":{"line":276,"column":8},"end":{"line":276,"column":82}},"105":{"start":{"line":283,"column":28},"end":{"line":283,"column":30}},"106":{"start":{"line":284,"column":4},"end":{"line":286,"column":5}},"107":{"start":{"line":285,"column":8},"end":{"line":285,"column":72}},"108":{"start":{"line":288,"column":27},"end":{"line":288,"column":143}},"109":{"start":{"line":288,"column":58},"end":{"line":288,"column":77}},"110":{"start":{"line":288,"column":115},"end":{"line":288,"column":139}},"111":{"start":{"line":289,"column":26},"end":{"line":289,"column":139}},"112":{"start":{"line":289,"column":57},"end":{"line":289,"column":75}},"113":{"start":{"line":289,"column":112},"end":{"line":289,"column":135}},"114":{"start":{"line":290,"column":21},"end":{"line":290,"column":49}},"115":{"start":{"line":292,"column":19},"end":{"line":298,"column":5}},"116":{"start":{"line":300,"column":4},"end":{"line":300,"column":54}},"117":{"start":{"line":306,"column":26},"end":{"line":306,"column":136}},"118":{"start":{"line":306,"column":74},"end":{"line":306,"column":132}},"119":{"start":{"line":307,"column":25},"end":{"line":307,"column":67}},"120":{"start":{"line":308,"column":26},"end":{"line":308,"column":116}},"121":{"start":{"line":308,"column":74},"end":{"line":308,"column":112}},"122":{"start":{"line":309,"column":25},"end":{"line":309,"column":53}},"123":{"start":{"line":310,"column":21},"end":{"line":310,"column":49}},"124":{"start":{"line":312,"column":4},"end":{"line":319,"column":6}},"125":{"start":{"line":323,"column":4},"end":{"line":329,"column":5}},"126":{"start":{"line":324,"column":8},"end":{"line":324,"column":20}},"127":{"start":{"line":325,"column":11},"end":{"line":329,"column":5}},"128":{"start":{"line":326,"column":8},"end":{"line":326,"column":22}},"129":{"start":{"line":328,"column":8},"end":{"line":328,"column":24}}},"fnMap":{"0":{"name":"(anonymous_0)","decl":{"start":{"line":10,"column":31},"end":{"line":10,"column":32}},"loc":{"start":{"line":10,"column":57},"end":{"line":93,"column":1}},"line":10},"1":{"name":"(anonymous_1)","decl":{"start":{"line":17,"column":23},"end":{"line":17,"column":24}},"loc":{"start":{"line":17,"column":51},"end":{"line":24,"column":5}},"line":17},"2":{"name":"isDateValid","decl":{"start":{"line":95,"column":16},"end":{"line":95,"column":27}},"loc":{"start":{"line":95,"column":37},"end":{"line":97,"column":3}},"line":95},"3":{"name":"assetsSuccessOrFail","decl":{"start":{"line":99,"column":9},"end":{"line":99,"column":28}},"loc":{"start":{"line":99,"column":60},"end":{"line":120,"column":1}},"line":99},"4":{"name":"(anonymous_4)","decl":{"start":{"line":117,"column":37},"end":{"line":117,"column":38}},"loc":{"start":{"line":117,"column":52},"end":{"line":117,"column":98}},"line":117},"5":{"name":"(anonymous_5)","decl":{"start":{"line":121,"column":31},"end":{"line":121,"column":32}},"loc":{"start":{"line":121,"column":49},"end":{"line":155,"column":1}},"line":121},"6":{"name":"(anonymous_6)","decl":{"start":{"line":135,"column":51},"end":{"line":135,"column":52}},"loc":{"start":{"line":135,"column":60},"end":{"line":142,"column":9}},"line":135},"7":{"name":"getAllocation","decl":{"start":{"line":157,"column":22},"end":{"line":157,"column":35}},"loc":{"start":{"line":157,"column":44},"end":{"line":200,"column":1}},"line":157},"8":{"name":"calculateAllocations","decl":{"start":{"line":202,"column":15},"end":{"line":202,"column":35}},"loc":{"start":{"line":202,"column":43},"end":{"line":221,"column":1}},"line":202},"9":{"name":"assetRemove","decl":{"start":{"line":223,"column":22},"end":{"line":223,"column":33}},"loc":{"start":{"line":223,"column":50},"end":{"line":255,"column":1}},"line":223},"10":{"name":"portfolioPerformance","decl":{"start":{"line":257,"column":22},"end":{"line":257,"column":42}},"loc":{"start":{"line":257,"column":51},"end":{"line":278,"column":1}},"line":257},"11":{"name":"calculatePortfolioPerformance","decl":{"start":{"line":282,"column":15},"end":{"line":282,"column":44}},"loc":{"start":{"line":282,"column":57},"end":{"line":302,"column":1}},"line":282},"12":{"name":"(anonymous_12)","decl":{"start":{"line":288,"column":49},"end":{"line":288,"column":50}},"loc":{"start":{"line":288,"column":58},"end":{"line":288,"column":77}},"line":288},"13":{"name":"(anonymous_13)","decl":{"start":{"line":288,"column":86},"end":{"line":288,"column":87}},"loc":{"start":{"line":288,"column":115},"end":{"line":288,"column":139}},"line":288},"14":{"name":"(anonymous_14)","decl":{"start":{"line":289,"column":48},"end":{"line":289,"column":49}},"loc":{"start":{"line":289,"column":57},"end":{"line":289,"column":75}},"line":289},"15":{"name":"(anonymous_15)","decl":{"start":{"line":289,"column":84},"end":{"line":289,"column":85}},"loc":{"start":{"line":289,"column":112},"end":{"line":289,"column":135}},"line":289},"16":{"name":"individualStockPerformance","decl":{"start":{"line":304,"column":15},"end":{"line":304,"column":41}},"loc":{"start":{"line":304,"column":49},"end":{"line":320,"column":1}},"line":304},"17":{"name":"(anonymous_17)","decl":{"start":{"line":306,"column":52},"end":{"line":306,"column":53}},"loc":{"start":{"line":306,"column":74},"end":{"line":306,"column":132}},"line":306},"18":{"name":"(anonymous_18)","decl":{"start":{"line":308,"column":52},"end":{"line":308,"column":53}},"loc":{"start":{"line":308,"column":74},"end":{"line":308,"column":112}},"line":308},"19":{"name":"overallPerformance","decl":{"start":{"line":322,"column":9},"end":{"line":322,"column":27}},"loc":{"start":{"line":322,"column":38},"end":{"line":330,"column":1}},"line":322}},"branchMap":{"0":{"loc":{"start":{"line":20,"column":19},"end":{"line":20,"column":47}},"type":"cond-expr","locations":[{"start":{"line":20,"column":35},"end":{"line":20,"column":39}},{"start":{"line":20,"column":42},"end":{"line":20,"column":47}}],"line":20},"1":{"loc":{"start":{"line":25,"column":4},"end":{"line":27,"column":5}},"type":"if","locations":[{"start":{"line":25,"column":4},"end":{"line":27,"column":5}},{"start":{},"end":{}}],"line":25},"2":{"loc":{"start":{"line":34,"column":8},"end":{"line":37,"column":9}},"type":"if","locations":[{"start":{"line":34,"column":8},"end":{"line":37,"column":9}},{"start":{},"end":{}}],"line":34},"3":{"loc":{"start":{"line":49,"column":12},"end":{"line":86,"column":13}},"type":"if","locations":[{"start":{"line":49,"column":12},"end":{"line":86,"column":13}},{"start":{"line":66,"column":19},"end":{"line":86,"column":13}}],"line":49},"4":{"loc":{"start":{"line":51,"column":16},"end":{"line":54,"column":17}},"type":"if","locations":[{"start":{"line":51,"column":16},"end":{"line":54,"column":17}},{"start":{},"end":{}}],"line":51},"5":{"loc":{"start":{"line":69,"column":16},"end":{"line":72,"column":17}},"type":"if","locations":[{"start":{"line":69,"column":16},"end":{"line":72,"column":17}},{"start":{},"end":{}}],"line":69},"6":{"loc":{"start":{"line":100,"column":4},"end":{"line":119,"column":5}},"type":"if","locations":[{"start":{"line":100,"column":4},"end":{"line":119,"column":5}},{"start":{"line":106,"column":11},"end":{"line":119,"column":5}}],"line":100},"7":{"loc":{"start":{"line":100,"column":8},"end":{"line":100,"column":64}},"type":"binary-expr","locations":[{"start":{"line":100,"column":8},"end":{"line":100,"column":37}},{"start":{"line":100,"column":41},"end":{"line":100,"column":64}}],"line":100},"8":{"loc":{"start":{"line":106,"column":11},"end":{"line":119,"column":5}},"type":"if","locations":[{"start":{"line":106,"column":11},"end":{"line":119,"column":5}},{"start":{"line":112,"column":11},"end":{"line":119,"column":5}}],"line":106},"9":{"loc":{"start":{"line":106,"column":15},"end":{"line":106,"column":71}},"type":"binary-expr","locations":[{"start":{"line":106,"column":15},"end":{"line":106,"column":42}},{"start":{"line":106,"column":46},"end":{"line":106,"column":71}}],"line":106},"10":{"loc":{"start":{"line":132,"column":8},"end":{"line":134,"column":9}},"type":"if","locations":[{"start":{"line":132,"column":8},"end":{"line":134,"column":9}},{"start":{},"end":{}}],"line":132},"11":{"loc":{"start":{"line":132,"column":12},"end":{"line":132,"column":59}},"type":"binary-expr","locations":[{"start":{"line":132,"column":12},"end":{"line":132,"column":28}},{"start":{"line":132,"column":32},"end":{"line":132,"column":59}}],"line":132},"12":{"loc":{"start":{"line":158,"column":4},"end":{"line":199,"column":5}},"type":"if","locations":[{"start":{"line":158,"column":4},"end":{"line":199,"column":5}},{"start":{"line":197,"column":9},"end":{"line":199,"column":5}}],"line":158},"13":{"loc":{"start":{"line":170,"column":12},"end":{"line":172,"column":13}},"type":"if","locations":[{"start":{"line":170,"column":12},"end":{"line":172,"column":13}},{"start":{},"end":{}}],"line":170},"14":{"loc":{"start":{"line":224,"column":4},"end":{"line":226,"column":5}},"type":"if","locations":[{"start":{"line":224,"column":4},"end":{"line":226,"column":5}},{"start":{},"end":{}}],"line":224},"15":{"loc":{"start":{"line":228,"column":4},"end":{"line":230,"column":5}},"type":"if","locations":[{"start":{"line":228,"column":4},"end":{"line":230,"column":5}},{"start":{},"end":{}}],"line":228},"16":{"loc":{"start":{"line":240,"column":8},"end":{"line":242,"column":9}},"type":"if","locations":[{"start":{"line":240,"column":8},"end":{"line":242,"column":9}},{"start":{},"end":{}}],"line":240},"17":{"loc":{"start":{"line":269,"column":8},"end":{"line":271,"column":9}},"type":"if","locations":[{"start":{"line":269,"column":8},"end":{"line":271,"column":9}},{"start":{},"end":{}}],"line":269},"18":{"loc":{"start":{"line":323,"column":4},"end":{"line":329,"column":5}},"type":"if","locations":[{"start":{"line":323,"column":4},"end":{"line":329,"column":5}},{"start":{"line":325,"column":11},"end":{"line":329,"column":5}}],"line":323},"19":{"loc":{"start":{"line":325,"column":11},"end":{"line":329,"column":5}},"type":"if","locations":[{"start":{"line":325,"column":11},"end":{"line":329,"column":5}},{"start":{"line":327,"column":12},"end":{"line":329,"column":5}}],"line":325}},"s":{"0":1,"1":1,"2":1,"3":6,"4":6,"5":6,"6":6,"7":6,"8":0,"9":6,"10":1,"11":5,"12":5,"13":5,"14":6,"15":1,"16":1,"17":5,"18":5,"19":5,"20":5,"21":4,"22":0,"23":0,"24":0,"25":0,"26":0,"27":0,"28":0,"29":4,"30":4,"31":2,"32":2,"33":2,"34":2,"35":2,"36":1,"37":5,"38":6,"39":5,"40":3,"41":2,"42":1,"43":1,"44":1,"45":1,"46":3,"47":3,"48":3,"49":2,"50":1,"51":1,"52":1,"53":1,"54":1,"55":1,"56":1,"57":4,"58":3,"59":3,"60":3,"61":2,"62":1,"63":1,"64":1,"65":1,"66":1,"67":1,"68":1,"69":1,"70":1,"71":1,"72":1,"73":1,"74":1,"75":1,"76":1,"77":1,"78":1,"79":1,"80":1,"81":1,"82":1,"83":1,"84":0,"85":5,"86":1,"87":4,"88":1,"89":3,"90":3,"91":3,"92":2,"93":1,"94":1,"95":1,"96":1,"97":1,"98":5,"99":5,"100":5,"101":4,"102":1,"103":3,"104":1,"105":3,"106":3,"107":3,"108":3,"109":3,"110":3,"111":3,"112":3,"113":3,"114":3,"115":3,"116":3,"117":3,"118":3,"119":3,"120":3,"121":3,"122":3,"123":3,"124":3,"125":6,"126":2,"127":4,"128":2,"129":2},"f":{"0":6,"1":6,"2":6,"3":5,"4":1,"5":3,"6":1,"7":4,"8":1,"9":5,"10":5,"11":3,"12":3,"13":3,"14":3,"15":3,"16":3,"17":3,"18":3,"19":6},"b":{"0":[5,1],"1":[1,5],"2":[1,5],"3":[0,4],"4":[0,0],"5":[2,2],"6":[3,2],"7":[5,3],"8":[1,1],"9":[2,2],"10":[1,1],"11":[2,2],"12":[3,1],"13":[1,1],"14":[1,4],"15":[1,3],"16":[1,1],"17":[1,3],"18":[2,4],"19":[2,2]},"_coverageSchema":"1a1c01bbd47fc00a2c39e90264f33305004495a9","hash":"0a6187f1de7fdff61a24e82ba2a2bd9ecb2a5ba5"}
,"/Users/taylorhoffman/UNSW/Tango-3011/stock-api/user.js": {"path":"/Users/taylorhoffman/UNSW/Tango-3011/stock-api/user.js","statementMap":{"0":{"start":{"line":6,"column":18},"end":{"line":6,"column":25}},"1":{"start":{"line":10,"column":23},"end":{"line":10,"column":47}},"2":{"start":{"line":11,"column":20},"end":{"line":11,"column":69}},"3":{"start":{"line":12,"column":25},"end":{"line":12,"column":67}},"4":{"start":{"line":12,"column":49},"end":{"line":12,"column":66}},"5":{"start":{"line":14,"column":4},"end":{"line":16,"column":5}},"6":{"start":{"line":15,"column":8},"end":{"line":15,"column":42}},"7":{"start":{"line":18,"column":4},"end":{"line":20,"column":5}},"8":{"start":{"line":19,"column":8},"end":{"line":19,"column":49}},"9":{"start":{"line":22,"column":4},"end":{"line":26,"column":5}},"10":{"start":{"line":23,"column":8},"end":{"line":25,"column":9}},"11":{"start":{"line":24,"column":12},"end":{"line":24,"column":59}},"12":{"start":{"line":28,"column":4},"end":{"line":30,"column":5}},"13":{"start":{"line":29,"column":8},"end":{"line":29,"column":47}},"14":{"start":{"line":32,"column":20},"end":{"line":32,"column":25}},"15":{"start":{"line":33,"column":14},"end":{"line":33,"column":19}},"16":{"start":{"line":35,"column":4},"end":{"line":41,"column":5}},"17":{"start":{"line":36,"column":8},"end":{"line":40,"column":9}},"18":{"start":{"line":37,"column":12},"end":{"line":37,"column":23}},"19":{"start":{"line":38,"column":15},"end":{"line":40,"column":9}},"20":{"start":{"line":39,"column":12},"end":{"line":39,"column":29}},"21":{"start":{"line":43,"column":4},"end":{"line":45,"column":5}},"22":{"start":{"line":44,"column":8},"end":{"line":44,"column":74}},"23":{"start":{"line":47,"column":4},"end":{"line":47,"column":35}},"24":{"start":{"line":48,"column":19},"end":{"line":48,"column":27}},"25":{"start":{"line":50,"column":19},"end":{"line":60,"column":5}},"26":{"start":{"line":62,"column":4},"end":{"line":67,"column":5}},"27":{"start":{"line":63,"column":8},"end":{"line":63,"column":53}},"28":{"start":{"line":64,"column":8},"end":{"line":64,"column":34}},"29":{"start":{"line":66,"column":8},"end":{"line":66,"column":43}},"30":{"start":{"line":71,"column":4},"end":{"line":71,"column":35}},"31":{"start":{"line":73,"column":4},"end":{"line":96,"column":5}},"32":{"start":{"line":74,"column":27},"end":{"line":74,"column":51}},"33":{"start":{"line":75,"column":24},"end":{"line":75,"column":73}},"34":{"start":{"line":76,"column":21},"end":{"line":76,"column":63}},"35":{"start":{"line":76,"column":45},"end":{"line":76,"column":62}},"36":{"start":{"line":78,"column":8},"end":{"line":80,"column":9}},"37":{"start":{"line":79,"column":12},"end":{"line":79,"column":61}},"38":{"start":{"line":81,"column":8},"end":{"line":83,"column":9}},"39":{"start":{"line":82,"column":12},"end":{"line":82,"column":76}},"40":{"start":{"line":85,"column":29},"end":{"line":90,"column":9}},"41":{"start":{"line":92,"column":8},"end":{"line":92,"column":62}},"42":{"start":{"line":93,"column":8},"end":{"line":93,"column":39}},"43":{"start":{"line":95,"column":8},"end":{"line":95,"column":43}}},"fnMap":{"0":{"name":"userRegister","decl":{"start":{"line":9,"column":22},"end":{"line":9,"column":34}},"loc":{"start":{"line":9,"column":58},"end":{"line":68,"column":1}},"line":9},"1":{"name":"(anonymous_1)","decl":{"start":{"line":12,"column":44},"end":{"line":12,"column":45}},"loc":{"start":{"line":12,"column":49},"end":{"line":12,"column":66}},"line":12},"2":{"name":"userLogin","decl":{"start":{"line":70,"column":22},"end":{"line":70,"column":31}},"loc":{"start":{"line":70,"column":49},"end":{"line":97,"column":1}},"line":70},"3":{"name":"(anonymous_3)","decl":{"start":{"line":76,"column":40},"end":{"line":76,"column":41}},"loc":{"start":{"line":76,"column":45},"end":{"line":76,"column":62}},"line":76}},"branchMap":{"0":{"loc":{"start":{"line":14,"column":4},"end":{"line":16,"column":5}},"type":"if","locations":[{"start":{"line":14,"column":4},"end":{"line":16,"column":5}},{"start":{},"end":{}}],"line":14},"1":{"loc":{"start":{"line":18,"column":4},"end":{"line":20,"column":5}},"type":"if","locations":[{"start":{"line":18,"column":4},"end":{"line":20,"column":5}},{"start":{},"end":{}}],"line":18},"2":{"loc":{"start":{"line":23,"column":8},"end":{"line":25,"column":9}},"type":"if","locations":[{"start":{"line":23,"column":8},"end":{"line":25,"column":9}},{"start":{},"end":{}}],"line":23},"3":{"loc":{"start":{"line":23,"column":12},"end":{"line":23,"column":101}},"type":"binary-expr","locations":[{"start":{"line":23,"column":12},"end":{"line":23,"column":53}},{"start":{"line":23,"column":57},"end":{"line":23,"column":69}},{"start":{"line":23,"column":73},"end":{"line":23,"column":85}},{"start":{"line":23,"column":89},"end":{"line":23,"column":101}}],"line":23},"4":{"loc":{"start":{"line":28,"column":4},"end":{"line":30,"column":5}},"type":"if","locations":[{"start":{"line":28,"column":4},"end":{"line":30,"column":5}},{"start":{},"end":{}}],"line":28},"5":{"loc":{"start":{"line":36,"column":8},"end":{"line":40,"column":9}},"type":"if","locations":[{"start":{"line":36,"column":8},"end":{"line":40,"column":9}},{"start":{"line":38,"column":15},"end":{"line":40,"column":9}}],"line":36},"6":{"loc":{"start":{"line":38,"column":15},"end":{"line":40,"column":9}},"type":"if","locations":[{"start":{"line":38,"column":15},"end":{"line":40,"column":9}},{"start":{},"end":{}}],"line":38},"7":{"loc":{"start":{"line":43,"column":4},"end":{"line":45,"column":5}},"type":"if","locations":[{"start":{"line":43,"column":4},"end":{"line":45,"column":5}},{"start":{},"end":{}}],"line":43},"8":{"loc":{"start":{"line":43,"column":8},"end":{"line":43,"column":26}},"type":"binary-expr","locations":[{"start":{"line":43,"column":8},"end":{"line":43,"column":18}},{"start":{"line":43,"column":22},"end":{"line":43,"column":26}}],"line":43},"9":{"loc":{"start":{"line":78,"column":8},"end":{"line":80,"column":9}},"type":"if","locations":[{"start":{"line":78,"column":8},"end":{"line":80,"column":9}},{"start":{},"end":{}}],"line":78},"10":{"loc":{"start":{"line":81,"column":8},"end":{"line":83,"column":9}},"type":"if","locations":[{"start":{"line":81,"column":8},"end":{"line":83,"column":9}},{"start":{},"end":{}}],"line":81}},"s":{"0":1,"1":7,"2":7,"3":7,"4":1,"5":7,"6":1,"7":6,"8":1,"9":5,"10":41,"11":1,"12":4,"13":1,"14":3,"15":3,"16":3,"17":38,"18":2,"19":36,"20":36,"21":3,"22":1,"23":2,"24":2,"25":2,"26":2,"27":2,"28":2,"29":0,"30":3,"31":3,"32":3,"33":3,"34":3,"35":2,"36":3,"37":1,"38":2,"39":1,"40":1,"41":1,"42":1,"43":0},"f":{"0":7,"1":1,"2":3,"3":2},"b":{"0":[1,6],"1":[1,5],"2":[1,40],"3":[41,1,1,1],"4":[1,3],"5":[2,36],"6":[36,0],"7":[1,2],"8":[3,3],"9":[1,2],"10":[1,1]},"_coverageSchema":"1a1c01bbd47fc00a2c39e90264f33305004495a9","hash":"cfaf3251b973a128f9785884608c0ed098a49d8b"}
,"/Users/taylorhoffman/UNSW/Tango-3011/stock-api/stock/performance.js": {"path":"/Users/taylorhoffman/UNSW/Tango-3011/stock-api/stock/performance.js","statementMap":{"0":{"start":{"line":4,"column":32},"end":{"line":4,"column":35}},"1":{"start":{"line":14,"column":31},"end":{"line":14,"column":80}},"2":{"start":{"line":14,"column":69},"end":{"line":14,"column":79}},"3":{"start":{"line":15,"column":32},"end":{"line":15,"column":82}},"4":{"start":{"line":15,"column":71},"end":{"line":15,"column":81}},"5":{"start":{"line":16,"column":4},"end":{"line":20,"column":5}},"6":{"start":{"line":32,"column":23},"end":{"line":32,"column":73}},"7":{"start":{"line":32,"column":61},"end":{"line":32,"column":72}},"8":{"start":{"line":33,"column":26},"end":{"line":33,"column":99}},"9":{"start":{"line":33,"column":62},"end":{"line":33,"column":75}},"10":{"start":{"line":34,"column":24},"end":{"line":34,"column":53}},"11":{"start":{"line":36,"column":25},"end":{"line":36,"column":58}},"12":{"start":{"line":36,"column":52},"end":{"line":36,"column":57}},"13":{"start":{"line":37,"column":27},"end":{"line":37,"column":77}},"14":{"start":{"line":38,"column":28},"end":{"line":38,"column":78}},"15":{"start":{"line":41,"column":4},"end":{"line":43,"column":6}},"16":{"start":{"line":47,"column":4},"end":{"line":53,"column":5}},"17":{"start":{"line":48,"column":8},"end":{"line":48,"column":25}},"18":{"start":{"line":49,"column":11},"end":{"line":53,"column":5}},"19":{"start":{"line":50,"column":8},"end":{"line":50,"column":25}},"20":{"start":{"line":52,"column":8},"end":{"line":52,"column":25}},"21":{"start":{"line":67,"column":24},"end":{"line":67,"column":92}},"22":{"start":{"line":67,"column":69},"end":{"line":67,"column":83}},"23":{"start":{"line":68,"column":25},"end":{"line":68,"column":95}},"24":{"start":{"line":68,"column":71},"end":{"line":68,"column":85}},"25":{"start":{"line":71,"column":16},"end":{"line":71,"column":68}},"26":{"start":{"line":72,"column":21},"end":{"line":80,"column":6}},"27":{"start":{"line":73,"column":8},"end":{"line":79,"column":11}},"28":{"start":{"line":74,"column":12},"end":{"line":77,"column":13}},"29":{"start":{"line":75,"column":16},"end":{"line":75,"column":28}},"30":{"start":{"line":76,"column":16},"end":{"line":76,"column":23}},"31":{"start":{"line":78,"column":12},"end":{"line":78,"column":36}},"32":{"start":{"line":81,"column":24},"end":{"line":81,"column":49}},"33":{"start":{"line":82,"column":23},"end":{"line":83,"column":110}},"34":{"start":{"line":84,"column":4},"end":{"line":84,"column":81}},"35":{"start":{"line":85,"column":4},"end":{"line":88,"column":30}},"36":{"start":{"line":94,"column":22},"end":{"line":94,"column":83}},"37":{"start":{"line":94,"column":58},"end":{"line":94,"column":73}},"38":{"start":{"line":97,"column":31},"end":{"line":97,"column":72}},"39":{"start":{"line":100,"column":35},"end":{"line":100,"column":73}},"40":{"start":{"line":102,"column":4},"end":{"line":104,"column":84}}},"fnMap":{"0":{"name":"calculateTrends","decl":{"start":{"line":13,"column":15},"end":{"line":13,"column":30}},"loc":{"start":{"line":13,"column":62},"end":{"line":21,"column":1}},"line":13},"1":{"name":"(anonymous_1)","decl":{"start":{"line":14,"column":61},"end":{"line":14,"column":62}},"loc":{"start":{"line":14,"column":69},"end":{"line":14,"column":79}},"line":14},"2":{"name":"(anonymous_2)","decl":{"start":{"line":15,"column":63},"end":{"line":15,"column":64}},"loc":{"start":{"line":15,"column":71},"end":{"line":15,"column":81}},"line":15},"3":{"name":"calVolumeTrends","decl":{"start":{"line":31,"column":9},"end":{"line":31,"column":24}},"loc":{"start":{"line":31,"column":56},"end":{"line":44,"column":1}},"line":31},"4":{"name":"(anonymous_4)","decl":{"start":{"line":32,"column":53},"end":{"line":32,"column":54}},"loc":{"start":{"line":32,"column":61},"end":{"line":32,"column":72}},"line":32},"5":{"name":"(anonymous_5)","decl":{"start":{"line":33,"column":44},"end":{"line":33,"column":45}},"loc":{"start":{"line":33,"column":62},"end":{"line":33,"column":75}},"line":33},"6":{"name":"(anonymous_6)","decl":{"start":{"line":36,"column":41},"end":{"line":36,"column":42}},"loc":{"start":{"line":36,"column":52},"end":{"line":36,"column":57}},"line":36},"7":{"name":"macdTrend","decl":{"start":{"line":46,"column":9},"end":{"line":46,"column":18}},"loc":{"start":{"line":46,"column":33},"end":{"line":54,"column":1}},"line":46},"8":{"name":"calMomentumIndicators","decl":{"start":{"line":64,"column":15},"end":{"line":64,"column":36}},"loc":{"start":{"line":64,"column":78},"end":{"line":89,"column":1}},"line":64},"9":{"name":"(anonymous_9)","decl":{"start":{"line":67,"column":50},"end":{"line":67,"column":51}},"loc":{"start":{"line":67,"column":69},"end":{"line":67,"column":83}},"line":67},"10":{"name":"(anonymous_10)","decl":{"start":{"line":68,"column":52},"end":{"line":68,"column":53}},"loc":{"start":{"line":68,"column":71},"end":{"line":68,"column":85}},"line":68},"11":{"name":"(anonymous_11)","decl":{"start":{"line":72,"column":39},"end":{"line":72,"column":40}},"loc":{"start":{"line":72,"column":60},"end":{"line":80,"column":5}},"line":72},"12":{"name":"(anonymous_12)","decl":{"start":{"line":73,"column":22},"end":{"line":73,"column":23}},"loc":{"start":{"line":73,"column":39},"end":{"line":79,"column":9}},"line":73},"13":{"name":"calMeanReversion","decl":{"start":{"line":93,"column":9},"end":{"line":93,"column":25}},"loc":{"start":{"line":93,"column":36},"end":{"line":105,"column":1}},"line":93},"14":{"name":"(anonymous_14)","decl":{"start":{"line":94,"column":38},"end":{"line":94,"column":39}},"loc":{"start":{"line":94,"column":58},"end":{"line":94,"column":73}},"line":94}},"branchMap":{"0":{"loc":{"start":{"line":42,"column":27},"end":{"line":42,"column":92}},"type":"binary-expr","locations":[{"start":{"line":42,"column":27},"end":{"line":42,"column":58}},{"start":{"line":42,"column":62},"end":{"line":42,"column":92}}],"line":42},"1":{"loc":{"start":{"line":47,"column":4},"end":{"line":53,"column":5}},"type":"if","locations":[{"start":{"line":47,"column":4},"end":{"line":53,"column":5}},{"start":{"line":49,"column":11},"end":{"line":53,"column":5}}],"line":47},"2":{"loc":{"start":{"line":49,"column":11},"end":{"line":53,"column":5}},"type":"if","locations":[{"start":{"line":49,"column":11},"end":{"line":53,"column":5}},{"start":{"line":51,"column":11},"end":{"line":53,"column":5}}],"line":49},"3":{"loc":{"start":{"line":74,"column":12},"end":{"line":77,"column":13}},"type":"if","locations":[{"start":{"line":74,"column":12},"end":{"line":77,"column":13}},{"start":{},"end":{}}],"line":74}},"s":{"0":1,"1":1,"2":50,"3":1,"4":200,"5":1,"6":5,"7":250,"8":5,"9":250,"10":5,"11":5,"12":245,"13":5,"14":5,"15":5,"16":6,"17":1,"18":5,"19":4,"20":1,"21":3,"22":150,"23":3,"24":600,"25":3,"26":3,"27":3,"28":3,"29":0,"30":0,"31":3,"32":3,"33":3,"34":3,"35":3,"36":4,"37":800,"38":4,"39":4,"40":4},"f":{"0":1,"1":50,"2":200,"3":5,"4":250,"5":250,"6":245,"7":6,"8":3,"9":150,"10":600,"11":3,"12":3,"13":4,"14":800},"b":{"0":[5,2],"1":[1,5],"2":[4,1],"3":[0,3]},"_coverageSchema":"1a1c01bbd47fc00a2c39e90264f33305004495a9","hash":"49f5e89dfcb366653c06c3b22dc7c971e1ce2cd4"}
}
