TN:
SF:stock-api/portfolio.js
FN:10,(anonymous_0)
FN:17,(anonymous_1)
FN:95,isDateValid
FN:99,assetsSuccessOrFail
FN:117,(anonymous_4)
FN:121,(anonymous_5)
FN:135,(anonymous_6)
FN:157,getAllocation
FN:202,calculateAllocations
FN:223,assetRemove
FN:257,portfolioPerformance
FN:282,calculatePortfolioPerformance
FN:288,(anonymous_12)
FN:288,(anonymous_13)
FN:289,(anonymous_14)
FN:289,(anonymous_15)
FN:304,individualStockPerformance
FN:306,(anonymous_17)
FN:308,(anonymous_18)
FN:322,overallPerformance
FNF:20
FNH:20
FNDA:6,(anonymous_0)
FNDA:6,(anonymous_1)
FNDA:6,isDateValid
FNDA:5,assetsSuccessOrFail
FNDA:1,(anonymous_4)
FNDA:3,(anonymous_5)
FNDA:1,(anonymous_6)
FNDA:4,getAllocation
FNDA:1,calculateAllocations
FNDA:5,assetRemove
FNDA:5,portfolioPerformance
FNDA:3,calculatePortfolioPerformance
FNDA:3,(anonymous_12)
FNDA:3,(anonymous_13)
FNDA:3,(anonymous_14)
FNDA:3,(anonymous_15)
FNDA:3,individualStockPerformance
FNDA:3,(anonymous_17)
FNDA:3,(anonymous_18)
FNDA:6,overallPerformance
DA:7,1
DA:8,1
DA:10,1
DA:12,6
DA:17,6
DA:18,6
DA:19,6
DA:20,6
DA:22,0
DA:25,6
DA:26,1
DA:29,5
DA:30,5
DA:32,5
DA:34,6
DA:35,1
DA:36,1
DA:39,5
DA:43,5
DA:47,5
DA:48,5
DA:49,4
DA:50,0
DA:51,0
DA:52,0
DA:53,0
DA:56,0
DA:64,0
DA:65,0
DA:68,4
DA:69,4
DA:70,2
DA:71,2
DA:74,2
DA:84,2
DA:85,2
DA:88,1
DA:92,5
DA:96,6
DA:100,5
DA:102,3
DA:106,2
DA:108,1
DA:114,1
DA:117,1
DA:121,1
DA:122,3
DA:129,3
DA:130,3
DA:132,2
DA:133,1
DA:135,1
DA:144,1
DA:149,1
DA:151,1
DA:153,1
DA:158,4
DA:159,3
DA:167,3
DA:168,3
DA:170,2
DA:171,1
DA:174,1
DA:175,1
DA:176,1
DA:177,1
DA:178,1
DA:179,1
DA:183,1
DA:185,1
DA:186,1
DA:191,1
DA:194,1
DA:198,1
DA:203,1
DA:204,1
DA:205,1
DA:206,1
DA:207,1
DA:210,1
DA:211,1
DA:212,1
DA:217,1
DA:219,0
DA:224,5
DA:225,1
DA:228,4
DA:229,1
DA:232,3
DA:237,3
DA:238,3
DA:240,2
DA:241,1
DA:244,1
DA:249,1
DA:251,1
DA:253,1
DA:258,5
DA:259,5
DA:267,5
DA:269,4
DA:270,1
DA:273,3
DA:276,1
DA:283,3
DA:284,3
DA:285,3
DA:288,3
DA:289,3
DA:290,3
DA:292,3
DA:300,3
DA:306,3
DA:307,3
DA:308,3
DA:309,3
DA:310,3
DA:312,3
DA:323,6
DA:324,2
DA:325,4
DA:326,2
DA:328,2
LF:123
LH:114
BRDA:20,0,0,5
BRDA:20,0,1,1
BRDA:25,1,0,1
BRDA:25,1,1,5
BRDA:34,2,0,1
BRDA:34,2,1,5
BRDA:49,3,0,0
BRDA:49,3,1,4
BRDA:51,4,0,0
BRDA:51,4,1,0
BRDA:69,5,0,2
BRDA:69,5,1,2
BRDA:100,6,0,3
BRDA:100,6,1,2
BRDA:100,7,0,5
BRDA:100,7,1,3
BRDA:106,8,0,1
BRDA:106,8,1,1
BRDA:106,9,0,2
BRDA:106,9,1,2
BRDA:132,10,0,1
BRDA:132,10,1,1
BRDA:132,11,0,2
BRDA:132,11,1,2
BRDA:158,12,0,3
BRDA:158,12,1,1
BRDA:170,13,0,1
BRDA:170,13,1,1
BRDA:224,14,0,1
BRDA:224,14,1,4
BRDA:228,15,0,1
BRDA:228,15,1,3
BRDA:240,16,0,1
BRDA:240,16,1,1
BRDA:269,17,0,1
BRDA:269,17,1,3
BRDA:323,18,0,2
BRDA:323,18,1,4
BRDA:325,19,0,2
BRDA:325,19,1,2
BRF:40
BRH:37
end_of_record
TN:
SF:stock-api/user.js
FN:9,userRegister
FN:12,(anonymous_1)
FN:70,userLogin
FN:76,(anonymous_3)
FNF:4
FNH:4
FNDA:7,userRegister
FNDA:1,(anonymous_1)
FNDA:3,userLogin
FNDA:2,(anonymous_3)
DA:6,1
DA:10,7
DA:11,7
DA:12,7
DA:14,7
DA:15,1
DA:18,6
DA:19,1
DA:22,5
DA:23,41
DA:24,1
DA:28,4
DA:29,1
DA:32,3
DA:33,3
DA:35,3
DA:36,38
DA:37,2
DA:38,36
DA:39,36
DA:43,3
DA:44,1
DA:47,2
DA:48,2
DA:50,2
DA:62,2
DA:63,2
DA:64,2
DA:66,0
DA:71,3
DA:73,3
DA:74,3
DA:75,3
DA:76,3
DA:78,3
DA:79,1
DA:81,2
DA:82,1
DA:85,1
DA:92,1
DA:93,1
DA:95,0
LF:42
LH:40
BRDA:14,0,0,1
BRDA:14,0,1,6
BRDA:18,1,0,1
BRDA:18,1,1,5
BRDA:23,2,0,1
BRDA:23,2,1,40
BRDA:23,3,0,41
BRDA:23,3,1,1
BRDA:23,3,2,1
BRDA:23,3,3,1
BRDA:28,4,0,1
BRDA:28,4,1,3
BRDA:36,5,0,2
BRDA:36,5,1,36
BRDA:38,6,0,36
BRDA:38,6,1,0
BRDA:43,7,0,1
BRDA:43,7,1,2
BRDA:43,8,0,3
BRDA:43,8,1,3
BRDA:78,9,0,1
BRDA:78,9,1,2
BRDA:81,10,0,1
BRDA:81,10,1,1
BRF:24
BRH:23
end_of_record
TN:
SF:stock-api/stock/performance.js
FN:13,calculateTrends
FN:14,(anonymous_1)
FN:15,(anonymous_2)
FN:31,calVolumeTrends
FN:32,(anonymous_4)
FN:33,(anonymous_5)
FN:36,(anonymous_6)
FN:46,macdTrend
FN:64,calMomentumIndicators
FN:67,(anonymous_9)
FN:68,(anonymous_10)
FN:72,(anonymous_11)
FN:73,(anonymous_12)
FN:93,calMeanReversion
FN:94,(anonymous_14)
FNF:15
FNH:15
FNDA:1,calculateTrends
FNDA:50,(anonymous_1)
FNDA:200,(anonymous_2)
FNDA:5,calVolumeTrends
FNDA:250,(anonymous_4)
FNDA:250,(anonymous_5)
FNDA:245,(anonymous_6)
FNDA:6,macdTrend
FNDA:3,calMomentumIndicators
FNDA:150,(anonymous_9)
FNDA:600,(anonymous_10)
FNDA:3,(anonymous_11)
FNDA:3,(anonymous_12)
FNDA:4,calMeanReversion
FNDA:800,(anonymous_14)
DA:4,1
DA:14,50
DA:15,200
DA:16,1
DA:32,250
DA:33,250
DA:34,5
DA:36,245
DA:37,5
DA:38,5
DA:41,5
DA:47,6
DA:48,1
DA:49,5
DA:50,4
DA:52,1
DA:67,150
DA:68,600
DA:71,3
DA:72,3
DA:73,3
DA:74,3
DA:75,0
DA:76,0
DA:78,3
DA:81,3
DA:82,3
DA:84,3
DA:85,3
DA:94,800
DA:97,4
DA:100,4
DA:102,4
LF:33
LH:31
BRDA:42,0,0,5
BRDA:42,0,1,2
BRDA:47,1,0,1
BRDA:47,1,1,5
BRDA:49,2,0,4
BRDA:49,2,1,1
BRDA:74,3,0,0
BRDA:74,3,1,3
BRF:8
BRH:7
end_of_record
